\BOOKMARK [1][-]{section*.1}{Numeric Summaries}{}% 1
\BOOKMARK [1][-]{section*.2}{Linear Relationships}{}% 2
\BOOKMARK [1][-]{section*.3}{Multivariate Relationships}{}% 3
\BOOKMARK [1][-]{section*.4}{Functions}{}% 4
\BOOKMARK [1][-]{section*.5}{Basic Probability}{}% 5
\BOOKMARK [2][-]{section*.6}{Definitions}{section*.5}% 6
\BOOKMARK [2][-]{section*.7}{General Rules}{section*.5}% 7
\BOOKMARK [2][-]{section*.8}{Independence}{section*.5}% 8
\BOOKMARK [2][-]{section*.9}{Joint Probability}{section*.5}% 9
\BOOKMARK [1][-]{section*.10}{Discrete Random Variables}{}% 10
\BOOKMARK [2][-]{section*.11}{General Rules}{section*.10}% 11
\BOOKMARK [2][-]{section*.12}{Joint Probability Functions}{section*.10}% 12
\BOOKMARK [2][-]{section*.13}{Geometric Random Variables}{section*.10}% 13
\BOOKMARK [2][-]{section*.14}{Binomial Random Variables}{section*.10}% 14
\BOOKMARK [2][-]{section*.15}{Poisson Random Variables}{section*.10}% 15
\BOOKMARK [1][-]{section*.16}{Continuous Random Variables}{}% 16
\BOOKMARK [2][-]{section*.17}{General Rules}{section*.16}% 17
\BOOKMARK [2][-]{section*.18}{Joint Probability Density Functions}{section*.16}% 18
\BOOKMARK [2][-]{section*.19}{Uniform Random Variables}{section*.16}% 19
\BOOKMARK [2][-]{section*.20}{Exponential Random Variables}{section*.16}% 20
\BOOKMARK [2][-]{section*.21}{Normal Random Variables}{section*.16}% 21
\BOOKMARK [2][-]{section*.22}{Standard Normal Random Variables \(Z\)}{section*.16}% 22
\BOOKMARK [1][-]{section*.23}{Functions of Random Variables}{}% 23
\BOOKMARK [2][-]{section*.24}{Linear Combinations of Independent Random Variables}{section*.23}% 24
