This is pdfTeX, Version 3.14159265-2.6-1.40.21 (TeX Live 2020/W32TeX) (preloaded format=pdflatex 2020.8.17)  17 AUG 2020 22:58
entering extended mode
 restricted \write18 enabled.
 %&-line parsing enabled.
**stat305-pq2.tex
(./stat305-pq2.tex
LaTeX2e <2020-02-02> patch level 5
L3 programming layer <2020-08-07> (./examsetup.cls
Document Class: examsetup 2015/09/24

(c:/Users/User/AppData/Roaming/TinyTeX/texmf-dist/tex/latex/etoolbox/etoolbox.s
ty
Package: etoolbox 2020/07/15 v2.5i e-TeX tools for LaTeX (JAW)
\etb@tempcnta=\count168
)

! LaTeX Error: File `subcaption.sty' not found.

Type X to quit or <RETURN> to proceed,
or enter new name. (Default extension: sty)

Enter file name: 
! Emergency stop.
<read *> 
         
l.5 \LoadClass
              [answers,addpoints]{exam}^^M
*** (cannot \read from terminal in nonstop modes)

 
Here is how much of TeX's memory you used:
 343 strings out of 482841
 4301 string characters out of 5955094
 240010 words of memory out of 5000000
 15792 multiletter control sequences out of 15000+600000
 535088 words of font info for 29 fonts, out of 8000000 for 9000
 14 hyphenation exceptions out of 8191
 28i,0n,29p,804b,16s stack positions out of 5000i,500n,10000p,200000b,80000s
!  ==> Fatal error occurred, no output PDF file produced!
