\BOOKMARK [1][-]{section*.1}{Basic Probability}{}% 1
\BOOKMARK [2][-]{section*.2}{Definitions}{section*.1}% 2
\BOOKMARK [2][-]{section*.3}{General Rules}{section*.1}% 3
\BOOKMARK [2][-]{section*.4}{Independence}{section*.1}% 4
\BOOKMARK [2][-]{section*.5}{Joint Probability}{section*.1}% 5
\BOOKMARK [1][-]{section*.6}{Discrete Random Variables}{}% 6
\BOOKMARK [2][-]{section*.7}{General Rules}{section*.6}% 7
\BOOKMARK [2][-]{section*.8}{Joint Probability Functions}{section*.6}% 8
\BOOKMARK [2][-]{section*.9}{Geometric Random Variables}{section*.6}% 9
\BOOKMARK [2][-]{section*.10}{Binomial Random Variables}{section*.6}% 10
\BOOKMARK [2][-]{section*.11}{Poisson Random Variables}{section*.6}% 11
\BOOKMARK [1][-]{section*.12}{Continuous Random Variables}{}% 12
\BOOKMARK [2][-]{section*.13}{General Rules}{section*.12}% 13
\BOOKMARK [2][-]{section*.14}{Joint Probability Density Functions}{section*.12}% 14
\BOOKMARK [2][-]{section*.15}{Uniform Random Variables}{section*.12}% 15
\BOOKMARK [2][-]{section*.16}{Exponential Random Variables}{section*.12}% 16
\BOOKMARK [2][-]{section*.17}{Normal Random Variables}{section*.12}% 17
\BOOKMARK [2][-]{section*.18}{Standard Normal Random Variables \(Z\)}{section*.12}% 18
\BOOKMARK [1][-]{section*.19}{Functions of Random Variables}{}% 19
\BOOKMARK [2][-]{section*.20}{Linear Combinations of Independent Random Variables}{section*.19}% 20
